<?xml version="1.0" encoding="UTF-8"?>
<!-- Generated by org.testng.reporters.JUnitReportReporter -->
<testsuite hostname="MacBook-Pro-de-Jose.local" failures="0" tests="1" name="exercise3.Exercise3" time="25.469" errors="0" timestamp="2022-03-13T18:49:26 CST" skipped="0">
  <testcase classname="exercise3.Exercise3" name="flightTest" time="25.469"/>
  <system-out/>
</testsuite> <!-- exercise3.Exercise3 -->
