<?xml version="1.0" encoding="UTF-8"?>
<!-- Generated by org.testng.reporters.JUnitReportReporter -->
<testsuite hostname="MacBook-Pro-de-Jose.local" failures="0" tests="1" name="exercise2.exercise2" time="27.268" errors="0" timestamp="2022-03-13T05:28:44 CST" skipped="0">
  <testcase classname="exercise2.exercise2" name="iframeTest" time="27.268"/>
  <system-out/>
</testsuite> <!-- exercise2.exercise2 -->
