<?xml version="1.0" encoding="UTF-8"?>
<!-- Generated by org.testng.reporters.JUnitReportReporter -->
<testsuite hostname="MacBook-Pro-de-Jose.local" failures="0" tests="1" name="exercise4.Exercise4" time="23.102" errors="0" timestamp="2022-03-17T02:44:05 CST" skipped="0">
  <testcase classname="exercise4.Exercise4" name="tc_REQ007_001" time="23.102"/>
  <system-out/>
</testsuite> <!-- exercise4.Exercise4 -->
