<?xml version="1.0" encoding="UTF-8"?>
<!-- Generated by org.testng.reporters.JUnitReportReporter -->
<testsuite hostname="MacBook-Pro-de-Jose.local" failures="0" tests="1" name="exercise2.Exercise2" time="20.943" errors="0" timestamp="2022-03-18T14:56:39 CST" skipped="0">
  <testcase classname="exercise2.Exercise2" name="radioButtonTest" time="20.943"/>
  <system-out/>
</testsuite> <!-- exercise2.Exercise2 -->
