<?xml version="1.0" encoding="UTF-8"?>
<!-- Generated by org.testng.reporters.JUnitReportReporter -->
<testsuite hostname="MacBook-Pro-de-Jose.local" failures="0" tests="1" name="exercise4.Exercise4" time="26.221" errors="0" timestamp="2022-03-17T08:36:45 CST" skipped="0">
  <testcase classname="exercise4.Exercise4" name="tc_REQ007_002" time="26.221"/>
  <system-out/>
</testsuite> <!-- exercise4.Exercise4 -->
