<?xml version="1.0" encoding="UTF-8"?>
<!-- Generated by org.testng.reporters.JUnitReportReporter -->
<testsuite hostname="MacBook-Pro-de-Jose.local" failures="0" tests="1" name="exercise4.Exercise4" time="19.918" errors="0" timestamp="2022-03-17T23:57:56 CST" skipped="0">
  <testcase classname="exercise4.Exercise4" name="tc_REQ001_001" time="19.918"/>
  <system-out/>
</testsuite> <!-- exercise4.Exercise4 -->
